[2016-10-03 20:24:20.800] [INFO] stocks - Got an order id :146
[2016-10-03 20:24:20.806] [INFO] stocks - Got an order id :146
[2016-10-03 20:24:27.429] [INFO] stocks - Got price!  place :1, price :78.57
[2016-10-03 20:24:27.429] [INFO] stocks - Reached first point of ema 1
[2016-10-03 20:24:27.430] [INFO] stocks - Got an ema1: 78.57
[2016-10-03 20:24:30.184] [INFO] stocks - Got price!  place :2, price :78.6
[2016-10-03 20:24:30.184] [INFO] stocks - Got an ema1: 78.6
[2016-10-03 20:24:33.188] [INFO] stocks - Got price!  place :3, price :78.6
[2016-10-03 20:24:33.189] [INFO] stocks - Got an ema1: 78.6
[2016-10-03 20:24:37.876] [INFO] stocks - Got price!  place :4, price :78.6
[2016-10-03 20:24:37.877] [INFO] stocks - Got an ema1: 78.6
[2016-10-03 20:24:37.877] [INFO] stocks - Reached first point of ema 4
[2016-10-03 20:24:37.877] [INFO] stocks - Got an ema4: 78.5925
[2016-10-03 20:24:40.949] [INFO] stocks - Got price!  place :5, price :78.55
[2016-10-03 20:24:40.949] [INFO] stocks - Got an ema1: 78.55
[2016-10-03 20:24:40.950] [INFO] stocks - Got an ema4: 78.5755
[2016-10-03 20:24:40.950] [INFO] stocks - 4 is the higher ema
[2016-10-03 20:24:47.143] [INFO] stocks - Got price!  place :6, price :78.61
[2016-10-03 20:24:47.144] [INFO] stocks - Got an ema1: 78.61
[2016-10-03 20:24:47.144] [INFO] stocks - Got an ema4: 78.58930000000001
[2016-10-03 20:24:47.144] [INFO] stocks - 1 is the higher ema
[2016-10-03 20:24:47.145] [INFO] stocks - EMAS HAVE SWITCHED, WE SHOULD BUY NOW!!
[2016-10-03 20:24:47.145] [INFO] stocks - Placing a buy order
[2016-10-03 20:24:47.145] [INFO] stocks - We should buy :254 stocks.
[2016-10-03 20:24:47.558] [INFO] stocks - We bought at and average price of :78.58
[2016-10-03 20:24:47.559] [INFO] stocks - min_profit_from_deal: -100
[2016-10-03 20:24:47.560] [INFO] stocks - stop_loss_price: 78.19
[2016-10-03 20:24:47.561] [INFO] stocks -  :78.58
[2016-10-03 20:24:48.128] [INFO] stocks - StopLoss accured - this never happend
[2016-10-03 20:24:49.964] [INFO] stocks - Got price!  place :7, price :78.61
[2016-10-03 20:24:49.965] [INFO] stocks - Got an ema1: 78.61
[2016-10-03 20:24:49.965] [INFO] stocks - Got an ema4: 78.59758000000001
[2016-10-03 20:24:49.965] [INFO] stocks - 1 is the higher ema
[2016-10-03 20:24:49.966] [INFO] stocks - Highest profit point is : 7.620000000000289
[2016-10-03 20:24:49.967] [INFO] stocks - min_profit_from_deal: -100
[2016-10-03 20:24:49.967] [INFO] stocks - stop_loss_price: 78.19
[2016-10-03 20:24:49.967] [INFO] stocks - Canceling order :147
[2016-10-03 20:24:50.491] [INFO] stocks - StopLoss accured - this never happend
[2016-10-03 20:24:53.899] [INFO] stocks - Got price!  place :8, price :78.56
[2016-10-03 20:24:53.900] [INFO] stocks - Got an ema1: 78.56
[2016-10-03 20:24:53.900] [INFO] stocks - Got an ema4: 78.582548
[2016-10-03 20:24:53.900] [INFO] stocks - 4 is the higher ema
[2016-10-03 20:24:53.900] [INFO] stocks - EMAS HAVE SWITCHED, WE SHOULD SELL NOW!!
[2016-10-03 20:24:53.901] [INFO] stocks - Placing a sell order
[2016-10-03 20:24:58.460] [INFO] stocks - Got price!  place :9, price :78.62
[2016-10-03 20:24:58.460] [INFO] stocks - Got an ema1: 78.62
[2016-10-03 20:24:58.460] [INFO] stocks - Got an ema4: 78.5975288
[2016-10-03 20:24:58.460] [INFO] stocks - 1 is the higher ema
[2016-10-03 20:24:58.460] [INFO] stocks - EMAS HAVE SWITCHED, WE SHOULD BUY NOW!!
[2016-10-03 20:24:58.460] [INFO] stocks - Placing a buy order
[2016-10-03 20:24:58.461] [INFO] stocks - We should buy :254 stocks.
[2016-10-03 20:24:59.042] [INFO] stocks - We bought at and average price of :78.65
[2016-10-03 20:24:59.043] [INFO] stocks - min_profit_from_deal: -100
[2016-10-03 20:24:59.043] [INFO] stocks - stop_loss_price: 78.26
[2016-10-03 20:24:59.043] [INFO] stocks - Canceling order :148
[2016-10-03 20:24:59.044] [INFO] stocks - Canceling order :149
[2016-10-03 20:24:59.045] [INFO] stocks -  :78.65
[2016-10-03 20:24:59.842] [INFO] stocks - StopLoss accured - this never happend
[2016-10-03 20:25:00.913] [INFO] stocks - Got price!  place :10, price :78.66
[2016-10-03 20:25:00.913] [INFO] stocks - Got an ema1: 78.66
[2016-10-03 20:25:00.914] [INFO] stocks - Got an ema4: 78.62251728
[2016-10-03 20:25:00.914] [INFO] stocks - 1 is the higher ema
[2016-10-03 20:25:00.914] [INFO] stocks - Highest profit point is : 2.53999999999769
[2016-10-03 20:25:00.915] [INFO] stocks - min_profit_from_deal: -100
[2016-10-03 20:25:00.915] [INFO] stocks - stop_loss_price: 78.26
[2016-10-03 20:25:00.915] [INFO] stocks - Canceling order :151
[2016-10-03 20:25:01.430] [INFO] stocks - StopLoss accured - this never happend
[2016-10-03 20:25:06.218] [INFO] stocks - Got price!  place :11, price :78.67
[2016-10-03 20:25:06.218] [INFO] stocks - Got an ema1: 78.67
[2016-10-03 20:25:06.219] [INFO] stocks - Got an ema4: 78.641510368
[2016-10-03 20:25:06.219] [INFO] stocks - 1 is the higher ema
[2016-10-03 20:25:06.219] [INFO] stocks - Highest profit point is : 5.079999999998989
[2016-10-03 20:25:06.219] [INFO] stocks - min_profit_from_deal: -100
[2016-10-03 20:25:06.219] [INFO] stocks - stop_loss_price: 78.26
[2016-10-03 20:25:06.219] [INFO] stocks - Canceling order :152
[2016-10-03 20:25:06.734] [INFO] stocks - StopLoss accured - this never happend
[2016-10-03 20:25:09.124] [INFO] stocks - Got price!  place :12, price :78.66
[2016-10-03 20:25:09.124] [INFO] stocks - Got an ema1: 78.66
[2016-10-03 20:25:09.124] [INFO] stocks - Got an ema4: 78.6489062208
[2016-10-03 20:25:09.124] [INFO] stocks - 1 is the higher ema
[2016-10-03 20:25:09.124] [INFO] stocks - Highest profit point is : 5.079999999998989
[2016-10-03 20:25:09.125] [INFO] stocks - min_profit_from_deal: -100
[2016-10-03 20:25:09.125] [INFO] stocks - stop_loss_price: 78.26
[2016-10-03 20:25:09.125] [INFO] stocks - Canceling order :153
[2016-10-03 20:26:24.372] [INFO] stocks - Got price!  place :13, price :78.62
[2016-10-03 20:26:24.372] [INFO] stocks - Got an ema1: 78.62
[2016-10-03 20:26:24.372] [INFO] stocks - Got an ema4: 78.63734373248
[2016-10-03 20:26:24.373] [INFO] stocks - 4 is the higher ema
[2016-10-03 20:26:24.373] [INFO] stocks - EMAS HAVE SWITCHED, WE SHOULD SELL NOW!!
[2016-10-03 20:26:24.373] [INFO] stocks - Placing a sell order
[2016-10-03 20:26:27.395] [INFO] stocks - StopLoss accured - this never happend
[2016-10-03 20:26:33.482] [INFO] stocks - Got price!  place :14, price :78.6
[2016-10-03 20:26:33.483] [INFO] stocks - Got an ema1: 78.6
[2016-10-03 20:26:33.483] [INFO] stocks - Got an ema4: 78.622406239488
[2016-10-03 20:26:33.483] [INFO] stocks - 4 is the higher ema
[2016-10-03 20:26:40.843] [INFO] stocks - Got price!  place :15, price :78.58
[2016-10-03 20:26:40.843] [INFO] stocks - Got an ema1: 78.58
[2016-10-03 20:26:40.843] [INFO] stocks - Got an ema4: 78.6054437436928
[2016-10-03 20:26:40.843] [INFO] stocks - 4 is the higher ema
[2016-10-03 20:26:43.935] [INFO] stocks - Got price!  place :16, price :78.56
[2016-10-03 20:26:43.936] [INFO] stocks - Got an ema1: 78.56
[2016-10-03 20:26:43.936] [INFO] stocks - Got an ema4: 78.58726624621568
[2016-10-03 20:26:43.936] [INFO] stocks - 4 is the higher ema
[2016-10-03 20:26:46.611] [INFO] stocks - Got price!  place :17, price :78.57
[2016-10-03 20:26:46.612] [INFO] stocks - Got an ema1: 78.57
[2016-10-03 20:26:46.612] [INFO] stocks - Got an ema4: 78.5803597477294
[2016-10-03 20:26:46.612] [INFO] stocks - 4 is the higher ema
[2016-10-03 20:26:51.897] [INFO] stocks - Got price!  place :18, price :78.63
[2016-10-03 20:26:51.897] [INFO] stocks - Got an ema1: 78.63
[2016-10-03 20:26:51.898] [INFO] stocks - Got an ema4: 78.60021584863765
[2016-10-03 20:26:51.898] [INFO] stocks - 1 is the higher ema
[2016-10-03 20:26:51.898] [INFO] stocks - EMAS HAVE SWITCHED, WE SHOULD BUY NOW!!
[2016-10-03 20:26:51.898] [INFO] stocks - Placing a buy order
[2016-10-03 20:26:51.898] [INFO] stocks - We should buy :254 stocks.
[2016-10-03 20:26:52.371] [INFO] stocks - We bought at and average price of :78.61
[2016-10-03 20:26:52.372] [INFO] stocks - min_profit_from_deal: -100
[2016-10-03 20:26:52.372] [INFO] stocks - stop_loss_price: 78.22
[2016-10-03 20:27:47.606] [INFO] stocks - Canceling order :154
[2016-10-03 20:28:02.639] [INFO] stocks - Canceling order :155
[2016-10-03 20:28:02.640] [INFO] stocks -  :78.61
[2016-10-03 20:28:02.645] [INFO] stocks - Got price!  place :19, price :78.62
[2016-10-03 20:28:02.645] [INFO] stocks - Got an ema1: 78.62
[2016-10-03 20:28:02.645] [INFO] stocks - Got an ema4: 78.60812950918259
[2016-10-03 20:28:02.646] [INFO] stocks - 1 is the higher ema
[2016-10-03 20:28:02.646] [INFO] stocks - Highest profit point is : 2.5400000000012994
[2016-10-03 20:28:02.646] [INFO] stocks - min_profit_from_deal: -100
[2016-10-03 20:28:02.646] [INFO] stocks - stop_loss_price: 78.22
[2016-10-03 20:28:02.646] [INFO] stocks - Canceling order :157
[2016-10-03 20:28:02.991] [INFO] stocks - StopLoss accured - this never happend
[2016-10-03 20:28:07.765] [INFO] stocks - Got price!  place :20, price :78.51
[2016-10-03 20:28:07.765] [INFO] stocks - Got an ema1: 78.51
[2016-10-03 20:28:07.766] [INFO] stocks - Got an ema4: 78.56887770550955
[2016-10-03 20:28:07.766] [INFO] stocks - 4 is the higher ema
[2016-10-03 20:28:07.766] [INFO] stocks - EMAS HAVE SWITCHED, WE SHOULD SELL NOW!!
[2016-10-03 20:28:07.767] [INFO] stocks - Placing a sell order
[2016-10-03 20:28:11.247] [INFO] stocks - Got price!  place :21, price :78.53
[2016-10-03 20:28:11.248] [INFO] stocks - Got an ema1: 78.53
[2016-10-03 20:28:11.248] [INFO] stocks - Got an ema4: 78.55332662330574
[2016-10-03 20:28:11.248] [INFO] stocks - 4 is the higher ema
[2016-10-03 20:28:15.289] [INFO] stocks - Got price!  place :22, price :78.53
[2016-10-03 20:28:15.289] [INFO] stocks - Got an ema1: 78.53
[2016-10-03 20:28:15.290] [INFO] stocks - Got an ema4: 78.54399597398344
[2016-10-03 20:28:15.290] [INFO] stocks - 4 is the higher ema
[2016-10-03 20:28:24.273] [INFO] stocks - Got price!  place :23, price :78.52
[2016-10-03 20:28:24.273] [INFO] stocks - Got an ema1: 78.52
[2016-10-03 20:28:24.273] [INFO] stocks - Got an ema4: 78.53439758439006
[2016-10-03 20:28:24.274] [INFO] stocks - 4 is the higher ema
[2016-10-03 20:28:26.772] [INFO] stocks - Got price!  place :24, price :78.52
[2016-10-03 20:28:26.772] [INFO] stocks - Got an ema1: 78.52
[2016-10-03 20:28:26.773] [INFO] stocks - Got an ema4: 78.52863855063404
[2016-10-03 20:28:26.773] [INFO] stocks - 4 is the higher ema
[2016-10-03 20:28:30.716] [INFO] stocks - Got price!  place :25, price :78.43
[2016-10-03 20:28:30.717] [INFO] stocks - Got an ema1: 78.43
[2016-10-03 20:28:30.717] [INFO] stocks - Got an ema4: 78.48918313038043
[2016-10-03 20:28:30.717] [INFO] stocks - 4 is the higher ema
[2016-10-03 20:28:34.432] [INFO] stocks - StopLoss accured - this never happend
[2016-10-03 20:28:35.384] [INFO] stocks - Got price!  place :26, price :78.47
[2016-10-03 20:28:35.384] [INFO] stocks - Got an ema1: 78.47
[2016-10-03 20:28:35.385] [INFO] stocks - Got an ema4: 78.48150987822825
[2016-10-03 20:28:35.385] [INFO] stocks - 4 is the higher ema
